Arguments: 
  C:\Program Files\nodejs\node.exe C:\Users\QX\AppData\Roaming\npm\node_modules\yarn\bin\yarn.js init

PATH: 
  C:\Users\QX\bin;C:\Program Files\Git\mingw64\bin;C:\Program Files\Git\usr\local\bin;C:\Program Files\Git\usr\bin;C:\Program Files\Git\usr\bin;C:\Program Files\Git\mingw64\bin;C:\Program Files\Git\usr\bin;C:\Users\QX\bin;C:\WINDOWS\system32;C:\WINDOWS;C:\WINDOWS\System32\Wbem;C:\WINDOWS\System32\WindowsPowerShell\v1.0;C:\WINDOWS\System32\OpenSSH;C:\xampp\php;C:\ProgramData\ComposerSetup\bin;C:\Program Files\Git\cmd;C:\Users\QX\AppData\Roaming\nvm;C:\Program Files\nodejs;C:\Users\QX\AppData\Local\Microsoft\WindowsApps;C:\Users\QX\AppData\Roaming\Composer\vendor\bin;C:\Users\QX\AppData\Local\atom\bin;C:\Bitnami\wampstack-7.1.18-1\mysql\bin;C:\Users\QX\AppData\Roaming\npm;C:\Users\QX\AppData\Roaming\nvm;C:\Program Files\nodejs;C:\Users\QX\AppData\Local\Programs\Microsoft VS Code\bin;C:\Program Files\Git\usr\bin\vendor_perl;C:\Program Files\Git\usr\bin\core_perl

Yarn version: 
  1.7.0

Node version: 
  6.11.3

Platform: 
  win32 x64

Trace: 
  Error: Can't answer a question unless a user TTY
      at ConsoleReporter.question (C:\Users\QX\AppData\Roaming\npm\node_modules\yarn\lib\cli.js:94294:59)
      at Object.<anonymous> (C:\Users\QX\AppData\Roaming\npm\node_modules\yarn\lib\cli.js:87100:38)
      at next (native)
      at step (C:\Users\QX\AppData\Roaming\npm\node_modules\yarn\lib\cli.js:98:30)
      at C:\Users\QX\AppData\Roaming\npm\node_modules\yarn\lib\cli.js:109:13

npm manifest: 
  No manifest

yarn manifest: 
  No manifest

Lockfile: 
  No lockfile
